2022-06-23 07:50:35,561 [DEBUG] CloudFormation client initialized with endpoint https://cloudformation.us-east-1.amazonaws.com
2022-06-23 07:50:35,562 [DEBUG] SQS client initialized with endpoint https://sqs.us-east-1.amazonaws.com
2022-06-23 07:50:35,562 [DEBUG] CloudFormation client initialized with endpoint https://cloudformation.us-east-1.amazonaws.com
2022-06-23 07:50:35,562 [DEBUG] Enabled single threading mode.
2022-06-23 07:50:35,562 [DEBUG] Creating /var/lib/cfn-hup/data
2022-06-23 07:50:35,582 [INFO] No umask value specified in config file. Using the default one: 0o22
2022-06-23 07:50:36,112 [INFO] Refreshing listener credentials
2022-06-23 07:50:36,211 [INFO] Scheduling next credential refresh in 1799.0 seconds
2022-06-23 07:55:36,722 [INFO] command processing is alive.
2022-06-23 08:00:37,197 [INFO] command processing is alive.
2022-06-23 08:05:37,820 [INFO] command processing is alive.
2022-06-23 08:10:38,448 [INFO] command processing is alive.
2022-06-23 08:15:38,997 [INFO] command processing is alive.
2022-06-23 08:20:35,216 [INFO] Refreshing listener credentials
2022-06-23 08:20:35,362 [INFO] Scheduling next credential refresh in 1799.0 seconds
2022-06-23 08:20:39,487 [INFO] command processing is alive.
2022-06-23 08:25:40,012 [INFO] command processing is alive.
2022-06-23 08:30:40,762 [INFO] command processing is alive.
2022-06-23 08:35:41,446 [INFO] command processing is alive.
2022-06-23 08:40:41,962 [INFO] command processing is alive.
2022-06-23 08:45:42,513 [INFO] command processing is alive.
2022-06-23 08:50:34,364 [INFO] Refreshing listener credentials
2022-06-23 08:50:34,465 [INFO] Scheduling next credential refresh in 1799.0 seconds
2022-06-23 08:50:43,180 [INFO] command processing is alive.
2022-06-23 08:55:43,756 [INFO] command processing is alive.
2022-06-23 09:00:44,620 [INFO] command processing is alive.
2022-06-23 09:05:45,151 [INFO] command processing is alive.
2022-06-23 09:10:45,821 [INFO] command processing is alive.
2022-06-23 09:15:46,379 [INFO] command processing is alive.
2022-06-23 09:20:33,468 [INFO] Refreshing listener credentials
2022-06-23 09:20:33,547 [INFO] Scheduling next credential refresh in 1799.0 seconds
2022-06-23 09:20:46,889 [INFO] command processing is alive.
2022-06-23 09:25:48,940 [INFO] command processing is alive.
2022-06-23 09:30:53,033 [INFO] command processing is alive.
2022-06-23 09:35:56,808 [INFO] command processing is alive.
2022-06-23 09:41:00,587 [INFO] command processing is alive.
2022-06-23 09:46:04,104 [INFO] command processing is alive.
2022-06-23 09:50:32,582 [INFO] Refreshing listener credentials
2022-06-23 09:50:32,993 [INFO] Scheduling next credential refresh in 1799.0 seconds
2022-06-23 09:51:07,891 [INFO] command processing is alive.
2022-06-23 09:56:11,537 [INFO] command processing is alive.
2022-06-23 09:57:33,740 [INFO] Received command ElasticBeanstalkCommand-AWSEBAutoScalingGroup (invocation id: a82d0315-ce5b-4390-b2d4-64934c228330)
2022-06-23 09:57:33,740 [INFO] Running action for aws-eb-command-handler
2022-06-23 09:57:45,706 [INFO] Action for aws-eb-command-handler succeeded, returning SUCCESS
2022-06-23 10:01:29,207 [INFO] command processing is alive.
2022-06-23 10:04:52,744 [INFO] Received command ElasticBeanstalkCommand-AWSEBAutoScalingGroup (invocation id: 85343293-6a8f-4ca4-8322-912e4a0976c8)
2022-06-23 10:04:52,745 [INFO] Running action for aws-eb-command-handler
2022-06-23 10:05:06,770 [INFO] Action for aws-eb-command-handler succeeded, returning SUCCESS
2022-06-23 10:06:47,921 [INFO] command processing is alive.
2022-06-23 10:11:51,530 [INFO] command processing is alive.
2022-06-23 10:14:37,743 [INFO] Received command ElasticBeanstalkCommand-AWSEBAutoScalingGroup (invocation id: 106f6a63-38be-477d-b466-3853149952dd)
2022-06-23 10:14:37,743 [INFO] Running action for aws-eb-command-handler
